# JRE version: Java(TM) SE Runtime Environment (21.0.2+13) (build 21.0.2+13-LTS-58)
# Java VM: Java HotSpot(TM) 64-Bit Server VM (21.0.2+13-LTS-58, mixed mode, sharing, tiered, compressed oops, compressed class ptrs, g1 gc, windows-amd64)
GC Precious Log:
 CardTable entry size: 512
 Card Set container configuration: InlinePtr #cards 5 size 8 Array Of Cards #cards 12 size 40 Howl #buckets 4 coarsen threshold 1843 Howl Bitmap #cards 512 size 80 coarsen threshold 460 Card regions per heap region 1 cards per card region 2048
 CPUs: 4 total, 4 available
 Memory: 4058M
 Large Page Support: Disabled
 NUMA Support: Disabled
 Compressed Oops: Enabled (32-bit)
 Heap Region Size: 1M
 Heap Min Capacity: 8M
 Heap Initial Capacity: 64M
 Heap Max Capacity: 1016M
 Pre-touch: Disabled
 Parallel Workers: 4
 Concurrent Workers: 1
 Concurrent Refinement Workers: 4
 Periodic GC: Disabled
Heap:
 garbage-first heap   total 54272K, used 27539K [0x00000000c0800000, 0x0000000100000000)
  region size 1024K, 6 young (6144K), 3 survivors (3072K)
 Metaspace       used 47719K, committed 48384K, reserved 1114112K
  class space    used 6125K, committed 6464K, reserved 1048576K
GC Heap History (20 events):
Event: 4.435 GC heap before
{Heap before GC invocations=3 (full 0):
 garbage-first heap   total 65536K, used 39079K [0x00000000c0800000, 0x0000000100000000)
  region size 1024K, 34 young (34816K), 3 survivors (3072K)
 Metaspace       used 21161K, committed 21504K, reserved 1114112K
  class space    used 2585K, committed 2752K, reserved 1048576K
}
Event: 4.450 GC heap after
{Heap after GC invocations=4 (full 0):
 garbage-first heap   total 65536K, used 11837K [0x00000000c0800000, 0x0000000100000000)
  region size 1024K, 5 young (5120K), 5 survivors (5120K)
 Metaspace       used 21161K, committed 21504K, reserved 1114112K
  class space    used 2585K, committed 2752K, reserved 1048576K
}
Event: 5.543 GC heap before
{Heap before GC invocations=5 (full 0):
 garbage-first heap   total 45056K, used 32317K [0x00000000c0800000, 0x0000000100000000)
  region size 1024K, 26 young (26624K), 5 survivors (5120K)
 Metaspace       used 23433K, committed 23872K, reserved 1114112K
  class space    used 2837K, committed 3072K, reserved 1048576K
}
Event: 5.561 GC heap after
{Heap after GC invocations=6 (full 0):
 garbage-first heap   total 45056K, used 14451K [0x00000000c0800000, 0x0000000100000000)
  region size 1024K, 3 young (3072K), 3 survivors (3072K)
 Metaspace       used 23433K, committed 23872K, reserved 1114112K
  class space    used 2837K, committed 3072K, reserved 1048576K
}
Event: 6.076 GC heap before
{Heap before GC invocations=6 (full 0):
 garbage-first heap   total 45056K, used 32883K [0x00000000c0800000, 0x0000000100000000)
  region size 1024K, 22 young (22528K), 3 survivors (3072K)
 Metaspace       used 24066K, committed 24512K, reserved 1114112K
  class space    used 2898K, committed 3136K, reserved 1048576K
}
Event: 6.089 GC heap after
{Heap after GC invocations=7 (full 0):
 garbage-first heap   total 54272K, used 15662K [0x00000000c0800000, 0x0000000100000000)
  region size 1024K, 2 young (2048K), 2 survivors (2048K)
 Metaspace       used 24066K, committed 24512K, reserved 1114112K
  class space    used 2898K, committed 3136K, reserved 1048576K
}
Event: 7.547 GC heap before
{Heap before GC invocations=7 (full 0):
 garbage-first heap   total 54272K, used 42286K [0x00000000c0800000, 0x0000000100000000)
  region size 1024K, 28 young (28672K), 2 survivors (2048K)
 Metaspace       used 27535K, committed 28032K, reserved 1114112K
  class space    used 3408K, committed 3648K, reserved 1048576K
}
Event: 7.556 GC heap after
{Heap after GC invocations=8 (full 0):
 garbage-first heap   total 54272K, used 17408K [0x00000000c0800000, 0x0000000100000000)
  region size 1024K, 3 young (3072K), 3 survivors (3072K)
 Metaspace       used 27535K, committed 28032K, reserved 1114112K
  class space    used 3408K, committed 3648K, reserved 1048576K
}
Event: 8.763 GC heap before
{Heap before GC invocations=8 (full 0):
 garbage-first heap   total 54272K, used 44032K [0x00000000c0800000, 0x0000000100000000)
  region size 1024K, 29 young (29696K), 3 survivors (3072K)
 Metaspace       used 31880K, committed 32384K, reserved 1114112K
  class space    used 3953K, committed 4160K, reserved 1048576K
}
Event: 8.782 GC heap after
{Heap after GC invocations=9 (full 0):
 garbage-first heap   total 54272K, used 19434K [0x00000000c0800000, 0x0000000100000000)
  region size 1024K, 4 young (4096K), 4 survivors (4096K)
 Metaspace       used 31880K, committed 32384K, reserved 1114112K
  class space    used 3953K, committed 4160K, reserved 1048576K
}
Event: 9.838 GC heap before
{Heap before GC invocations=9 (full 0):
 garbage-first heap   total 54272K, used 45034K [0x00000000c0800000, 0x0000000100000000)
  region size 1024K, 29 young (29696K), 4 survivors (4096K)
 Metaspace       used 34635K, committed 35200K, reserved 1114112K
  class space    used 4304K, committed 4544K, reserved 1048576K
}
Event: 9.854 GC heap after
{Heap after GC invocations=10 (full 0):
 garbage-first heap   total 54272K, used 21371K [0x00000000c0800000, 0x0000000100000000)
  region size 1024K, 3 young (3072K), 3 survivors (3072K)
 Metaspace       used 34635K, committed 35200K, reserved 1114112K
  class space    used 4304K, committed 4544K, reserved 1048576K
}
Event: 10.002 GC heap before
{Heap before GC invocations=10 (full 0):
 garbage-first heap   total 54272K, used 23419K [0x00000000c0800000, 0x0000000100000000)
  region size 1024K, 6 young (6144K), 3 survivors (3072K)
 Metaspace       used 35459K, committed 35968K, reserved 1114112K
  class space    used 4379K, committed 4608K, reserved 1048576K
}
Event: 10.009 GC heap after
{Heap after GC invocations=11 (full 0):
 garbage-first heap   total 54272K, used 21497K [0x00000000c0800000, 0x0000000100000000)
  region size 1024K, 3 young (3072K), 3 survivors (3072K)
 Metaspace       used 35459K, committed 35968K, reserved 1114112K
  class space    used 4379K, committed 4608K, reserved 1048576K
}
Event: 11.179 GC heap before
{Heap before GC invocations=12 (full 0):
 garbage-first heap   total 54272K, used 46073K [0x00000000c0800000, 0x0000000100000000)
  region size 1024K, 27 young (27648K), 3 survivors (3072K)
 Metaspace       used 37593K, committed 38208K, reserved 1114112K
  class space    used 4709K, committed 4992K, reserved 1048576K
}
Event: 11.190 GC heap after
{Heap after GC invocations=13 (full 0):
 garbage-first heap   total 54272K, used 23175K [0x00000000c0800000, 0x0000000100000000)
  region size 1024K, 2 young (2048K), 2 survivors (2048K)
 Metaspace       used 37593K, committed 38208K, reserved 1114112K
  class space    used 4709K, committed 4992K, reserved 1048576K
}
Event: 12.238 GC heap before
{Heap before GC invocations=13 (full 0):
 garbage-first heap   total 54272K, used 45703K [0x00000000c0800000, 0x0000000100000000)
  region size 1024K, 25 young (25600K), 2 survivors (2048K)
 Metaspace       used 40821K, committed 41344K, reserved 1114112K
  class space    used 5137K, committed 5376K, reserved 1048576K
}
Event: 12.243 GC heap after
{Heap after GC invocations=14 (full 0):
 garbage-first heap   total 54272K, used 23876K [0x00000000c0800000, 0x0000000100000000)
  region size 1024K, 3 young (3072K), 3 survivors (3072K)
 Metaspace       used 40821K, committed 41344K, reserved 1114112K
  class space    used 5137K, committed 5376K, reserved 1048576K
}
Event: 13.851 GC heap before
{Heap before GC invocations=14 (full 0):
 garbage-first heap   total 54272K, used 46404K [0x00000000c0800000, 0x0000000100000000)
  region size 1024K, 25 young (25600K), 3 survivors (3072K)
 Metaspace       used 47149K, committed 47808K, reserved 1114112K
  class space    used 6035K, committed 6336K, reserved 1048576K
}
Event: 13.869 GC heap after
{Heap after GC invocations=15 (full 0):
 garbage-first heap   total 54272K, used 25491K [0x00000000c0800000, 0x0000000100000000)
  region size 1024K, 3 young (3072K), 3 survivors (3072K)
 Metaspace       used 47149K, committed 47808K, reserved 1114112K
  class space    used 6035K, committed 6336K, reserved 1048576K
}

