# JRE version: OpenJDK Runtime Environment Temurin-17.0.10+7 (17.0.10+7) (build 17.0.10+7)
# Java VM: OpenJDK 64-Bit Server VM Temurin-17.0.10+7 (17.0.10+7, mixed mode, emulated-client, tiered, compressed oops, compressed class ptrs, g1 gc, windows-amd64)
GC Precious Log:
 CPUs: 4 total, 4 available
 Memory: 4058M
 Large Page Support: Disabled
 NUMA Support: Disabled
 Compressed Oops: Enabled (32-bit)
 Heap Region Size: 1M
 Heap Min Capacity: 8M
 Heap Initial Capacity: 64M
 Heap Max Capacity: 1G
 Pre-touch: Disabled
 Parallel Workers: 4
 Concurrent Workers: 1
 Concurrent Refinement Workers: 4
 Periodic GC: Disabled
Heap:
 garbage-first heap   total 133120K, used 46584K [0x00000000c0000000, 0x0000000100000000)
  region size 1024K, 1 young (1024K), 0 survivors (0K)
 Metaspace       used 62686K, committed 63232K, reserved 1114112K
  class space    used 7914K, committed 8192K, reserved 1048576K
GC Heap History (20 events):
Event: 2564.584 GC heap before
{Heap before GC invocations=200 (full 94):
 garbage-first heap   total 133120K, used 111307K [0x00000000c0000000, 0x0000000100000000)
  region size 1024K, 61 young (62464K), 2 survivors (2048K)
 Metaspace       used 62595K, committed 63168K, reserved 1114112K
  class space    used 7896K, committed 8192K, reserved 1048576K
}
Event: 2564.592 GC heap after
{Heap after GC invocations=201 (full 94):
 garbage-first heap   total 133120K, used 51880K [0x00000000c0000000, 0x0000000100000000)
  region size 1024K, 2 young (2048K), 2 survivors (2048K)
 Metaspace       used 62595K, committed 63168K, reserved 1114112K
  class space    used 7896K, committed 8192K, reserved 1048576K
}
Event: 2633.830 GC heap before
{Heap before GC invocations=201 (full 94):
 garbage-first heap   total 133120K, used 101032K [0x00000000c0000000, 0x0000000100000000)
  region size 1024K, 52 young (53248K), 2 survivors (2048K)
 Metaspace       used 62595K, committed 63168K, reserved 1114112K
  class space    used 7896K, committed 8192K, reserved 1048576K
}
Event: 2633.955 GC heap after
{Heap after GC invocations=202 (full 95):
 garbage-first heap   total 133120K, used 44628K [0x00000000c0000000, 0x0000000100000000)
  region size 1024K, 0 young (0K), 0 survivors (0K)
 Metaspace       used 62529K, committed 63168K, reserved 1114112K
  class space    used 7885K, committed 8192K, reserved 1048576K
}
Event: 2644.154 GC heap before
{Heap before GC invocations=202 (full 95):
 garbage-first heap   total 133120K, used 44628K [0x00000000c0000000, 0x0000000100000000)
  region size 1024K, 1 young (1024K), 0 survivors (0K)
 Metaspace       used 62529K, committed 63168K, reserved 1114112K
  class space    used 7885K, committed 8192K, reserved 1048576K
}
Event: 2644.228 GC heap after
{Heap after GC invocations=203 (full 96):
 garbage-first heap   total 133120K, used 44586K [0x00000000c0000000, 0x0000000100000000)
  region size 1024K, 0 young (0K), 0 survivors (0K)
 Metaspace       used 62529K, committed 63168K, reserved 1114112K
  class space    used 7885K, committed 8192K, reserved 1048576K
}
Event: 2654.408 GC heap before
{Heap before GC invocations=203 (full 96):
 garbage-first heap   total 133120K, used 44586K [0x00000000c0000000, 0x0000000100000000)
  region size 1024K, 1 young (1024K), 0 survivors (0K)
 Metaspace       used 62529K, committed 63168K, reserved 1114112K
  class space    used 7885K, committed 8192K, reserved 1048576K
}
Event: 2654.489 GC heap after
{Heap after GC invocations=204 (full 97):
 garbage-first heap   total 133120K, used 44574K [0x00000000c0000000, 0x0000000100000000)
  region size 1024K, 0 young (0K), 0 survivors (0K)
 Metaspace       used 62520K, committed 63168K, reserved 1114112K
  class space    used 7883K, committed 8192K, reserved 1048576K
}
Event: 2751.652 GC heap before
{Heap before GC invocations=204 (full 97):
 garbage-first heap   total 133120K, used 112158K [0x00000000c0000000, 0x0000000100000000)
  region size 1024K, 66 young (67584K), 0 survivors (0K)
 Metaspace       used 62520K, committed 63168K, reserved 1114112K
  class space    used 7883K, committed 8192K, reserved 1048576K
}
Event: 2751.679 GC heap after
{Heap after GC invocations=205 (full 97):
 garbage-first heap   total 133120K, used 47069K [0x00000000c0000000, 0x0000000100000000)
  region size 1024K, 3 young (3072K), 3 survivors (3072K)
 Metaspace       used 62520K, committed 63168K, reserved 1114112K
  class space    used 7883K, committed 8192K, reserved 1048576K
}
Event: 2757.072 GC heap before
{Heap before GC invocations=205 (full 97):
 garbage-first heap   total 133120K, used 109533K [0x00000000c0000000, 0x0000000100000000)
  region size 1024K, 65 young (66560K), 3 survivors (3072K)
 Metaspace       used 62520K, committed 63168K, reserved 1114112K
  class space    used 7883K, committed 8192K, reserved 1048576K
}
Event: 2757.077 GC heap after
{Heap after GC invocations=206 (full 97):
 garbage-first heap   total 133120K, used 45986K [0x00000000c0000000, 0x0000000100000000)
  region size 1024K, 2 young (2048K), 2 survivors (2048K)
 Metaspace       used 62520K, committed 63168K, reserved 1114112K
  class space    used 7883K, committed 8192K, reserved 1048576K
}
Event: 2801.884 GC heap before
{Heap before GC invocations=206 (full 97):
 garbage-first heap   total 133120K, used 111522K [0x00000000c0000000, 0x0000000100000000)
  region size 1024K, 66 young (67584K), 2 survivors (2048K)
 Metaspace       used 62523K, committed 63168K, reserved 1114112K
  class space    used 7884K, committed 8192K, reserved 1048576K
}
Event: 2801.887 GC heap after
{Heap after GC invocations=207 (full 97):
 garbage-first heap   total 133120K, used 45176K [0x00000000c0000000, 0x0000000100000000)
  region size 1024K, 1 young (1024K), 1 survivors (1024K)
 Metaspace       used 62523K, committed 63168K, reserved 1114112K
  class space    used 7884K, committed 8192K, reserved 1048576K
}
Event: 2812.341 GC heap before
{Heap before GC invocations=207 (full 97):
 garbage-first heap   total 133120K, used 110712K [0x00000000c0000000, 0x0000000100000000)
  region size 1024K, 66 young (67584K), 1 survivors (1024K)
 Metaspace       used 62523K, committed 63168K, reserved 1114112K
  class space    used 7884K, committed 8192K, reserved 1048576K
}
Event: 2812.351 GC heap after
{Heap after GC invocations=208 (full 97):
 garbage-first heap   total 133120K, used 47272K [0x00000000c0000000, 0x0000000100000000)
  region size 1024K, 3 young (3072K), 3 survivors (3072K)
 Metaspace       used 62523K, committed 63168K, reserved 1114112K
  class space    used 7884K, committed 8192K, reserved 1048576K
}
Event: 2887.534 GC heap before
{Heap before GC invocations=208 (full 97):
 garbage-first heap   total 133120K, used 80040K [0x00000000c0000000, 0x0000000100000000)
  region size 1024K, 37 young (37888K), 3 survivors (3072K)
 Metaspace       used 62686K, committed 63232K, reserved 1114112K
  class space    used 7914K, committed 8192K, reserved 1048576K
}
Event: 2887.823 GC heap after
{Heap after GC invocations=209 (full 98):
 garbage-first heap   total 133120K, used 46583K [0x00000000c0000000, 0x0000000100000000)
  region size 1024K, 0 young (0K), 0 survivors (0K)
 Metaspace       used 62686K, committed 63232K, reserved 1114112K
  class space    used 7914K, committed 8192K, reserved 1048576K
}
Event: 2919.735 GC heap before
{Heap before GC invocations=209 (full 98):
 garbage-first heap   total 133120K, used 46583K [0x00000000c0000000, 0x0000000100000000)
  region size 1024K, 1 young (1024K), 0 survivors (0K)
 Metaspace       used 62686K, committed 63232K, reserved 1114112K
  class space    used 7914K, committed 8192K, reserved 1048576K
}
Event: 2919.934 GC heap after
{Heap after GC invocations=210 (full 99):
 garbage-first heap   total 133120K, used 46584K [0x00000000c0000000, 0x0000000100000000)
  region size 1024K, 0 young (0K), 0 survivors (0K)
 Metaspace       used 62686K, committed 63232K, reserved 1114112K
  class space    used 7914K, committed 8192K, reserved 1048576K
}

